<?xml version="1.0" encoding="UTF-8"?>
<!-- Generated by org.testng.reporters.JUnitXMLReporter -->
<testsuite hostname="WL355509" ignored="0" name="Default test" tests="5" failures="0" timestamp="2020-07-03T14:55:16 IST" time="65.559" errors="0">
  <testcase name="validCredentialsTest" time="5.479" classname="com.tieto.test.LoginTest"/>
  <testcase name="validCredentialsTest" time="5.04" classname="com.tieto.test.LoginTest"/>
  <testcase name="validCredentialsTest" time="5.08" classname="com.tieto.test.LoginTest"/>
  <testcase name="validCredentialsTest" time="4.675" classname="com.tieto.test.LoginTest"/>
  <testcase name="validCredentialsTest" time="4.717" classname="com.tieto.test.LoginTest"/>
</testsuite> <!-- Default test -->
