<?xml version="1.0" encoding="UTF-8"?>
<testng-results skipped="0" failed="0" ignored="0" total="5" passed="5">
  <reporter-output>
  </reporter-output>
  <suite name="Default suite" duration-ms="65559" started-at="2020-07-03T14:54:11 IST" finished-at="2020-07-03T14:55:16 IST">
    <groups>
    </groups>
    <test name="Default test" duration-ms="65559" started-at="2020-07-03T14:54:11 IST" finished-at="2020-07-03T14:55:16 IST">
      <class name="com.tieto.test.LoginTest">
        <test-method status="PASS" signature="init(java.lang.String)[pri:0, instance:com.tieto.test.LoginTest@184f6be2]" name="init" is-config="true" duration-ms="8452" started-at="2020-07-03T14:54:11 IST" finished-at="2020-07-03T14:54:20 IST">
          <params>
            <param index="0">
              <value>
                <![CDATA[ch]]>
              </value>
            </param>
          </params>
          <reporter-output>
          </reporter-output>
        </test-method> <!-- init -->
        <test-method status="PASS" signature="validCredentialsTest(java.lang.String, java.lang.String, java.lang.String, java.lang.String)[pri:0, instance:com.tieto.test.LoginTest@184f6be2]" name="validCredentialsTest" duration-ms="5479" started-at="2020-07-03T14:54:20 IST" data-provider="readExcel" finished-at="2020-07-03T14:54:25 IST">
          <params>
            <param index="0">
              <value>
                <![CDATA[admin]]>
              </value>
            </param>
            <param index="1">
              <value>
                <![CDATA[pass]]>
              </value>
            </param>
            <param index="2">
              <value>
                <![CDATA[English (Indian)]]>
              </value>
            </param>
            <param index="3">
              <value>
                <![CDATA[OpenEMR]]>
              </value>
            </param>
          </params>
          <reporter-output>
          </reporter-output>
        </test-method> <!-- validCredentialsTest -->
        <test-method status="PASS" signature="end()[pri:0, instance:com.tieto.test.LoginTest@184f6be2]" name="end" is-config="true" duration-ms="1198" started-at="2020-07-03T14:54:25 IST" finished-at="2020-07-03T14:54:26 IST">
          <reporter-output>
          </reporter-output>
        </test-method> <!-- end -->
        <test-method status="PASS" signature="init(java.lang.String)[pri:0, instance:com.tieto.test.LoginTest@184f6be2]" name="init" is-config="true" duration-ms="6698" started-at="2020-07-03T14:54:26 IST" finished-at="2020-07-03T14:54:33 IST">
          <params>
            <param index="0">
              <value>
                <![CDATA[ch]]>
              </value>
            </param>
          </params>
          <reporter-output>
          </reporter-output>
        </test-method> <!-- init -->
        <test-method status="PASS" signature="validCredentialsTest(java.lang.String, java.lang.String, java.lang.String, java.lang.String)[pri:0, instance:com.tieto.test.LoginTest@184f6be2]" name="validCredentialsTest" duration-ms="5040" started-at="2020-07-03T14:54:33 IST" data-provider="readExcel" finished-at="2020-07-03T14:54:38 IST">
          <params>
            <param index="0">
              <value>
                <![CDATA[physician]]>
              </value>
            </param>
            <param index="1">
              <value>
                <![CDATA[physician]]>
              </value>
            </param>
            <param index="2">
              <value>
                <![CDATA[English (Indian)]]>
              </value>
            </param>
            <param index="3">
              <value>
                <![CDATA[OpenEMR]]>
              </value>
            </param>
          </params>
          <reporter-output>
          </reporter-output>
        </test-method> <!-- validCredentialsTest -->
        <test-method status="PASS" signature="end()[pri:0, instance:com.tieto.test.LoginTest@184f6be2]" name="end" is-config="true" duration-ms="721" started-at="2020-07-03T14:54:38 IST" finished-at="2020-07-03T14:54:39 IST">
          <reporter-output>
          </reporter-output>
        </test-method> <!-- end -->
        <test-method status="PASS" signature="init(java.lang.String)[pri:0, instance:com.tieto.test.LoginTest@184f6be2]" name="init" is-config="true" duration-ms="6575" started-at="2020-07-03T14:54:39 IST" finished-at="2020-07-03T14:54:45 IST">
          <params>
            <param index="0">
              <value>
                <![CDATA[ch]]>
              </value>
            </param>
          </params>
          <reporter-output>
          </reporter-output>
        </test-method> <!-- init -->
        <test-method status="PASS" signature="validCredentialsTest(java.lang.String, java.lang.String, java.lang.String, java.lang.String)[pri:0, instance:com.tieto.test.LoginTest@184f6be2]" name="validCredentialsTest" duration-ms="5080" started-at="2020-07-03T14:54:45 IST" data-provider="readExcel" finished-at="2020-07-03T14:54:50 IST">
          <params>
            <param index="0">
              <value>
                <![CDATA[accountant]]>
              </value>
            </param>
            <param index="1">
              <value>
                <![CDATA[accountant]]>
              </value>
            </param>
            <param index="2">
              <value>
                <![CDATA[English (Indian)]]>
              </value>
            </param>
            <param index="3">
              <value>
                <![CDATA[OpenEMR]]>
              </value>
            </param>
          </params>
          <reporter-output>
          </reporter-output>
        </test-method> <!-- validCredentialsTest -->
        <test-method status="PASS" signature="end()[pri:0, instance:com.tieto.test.LoginTest@184f6be2]" name="end" is-config="true" duration-ms="804" started-at="2020-07-03T14:54:50 IST" finished-at="2020-07-03T14:54:51 IST">
          <reporter-output>
          </reporter-output>
        </test-method> <!-- end -->
        <test-method status="PASS" signature="init(java.lang.String)[pri:0, instance:com.tieto.test.LoginTest@184f6be2]" name="init" is-config="true" duration-ms="6816" started-at="2020-07-03T14:54:51 IST" finished-at="2020-07-03T14:54:58 IST">
          <params>
            <param index="0">
              <value>
                <![CDATA[ch]]>
              </value>
            </param>
          </params>
          <reporter-output>
          </reporter-output>
        </test-method> <!-- init -->
        <test-method status="PASS" signature="validCredentialsTest(java.lang.String, java.lang.String, java.lang.String, java.lang.String)[pri:0, instance:com.tieto.test.LoginTest@184f6be2]" name="validCredentialsTest" duration-ms="4675" started-at="2020-07-03T14:54:58 IST" data-provider="readExcel" finished-at="2020-07-03T14:55:03 IST">
          <params>
            <param index="0">
              <value>
                <![CDATA[clinician]]>
              </value>
            </param>
            <param index="1">
              <value>
                <![CDATA[clinician]]>
              </value>
            </param>
            <param index="2">
              <value>
                <![CDATA[English (Indian)]]>
              </value>
            </param>
            <param index="3">
              <value>
                <![CDATA[OpenEMR]]>
              </value>
            </param>
          </params>
          <reporter-output>
          </reporter-output>
        </test-method> <!-- validCredentialsTest -->
        <test-method status="PASS" signature="end()[pri:0, instance:com.tieto.test.LoginTest@184f6be2]" name="end" is-config="true" duration-ms="794" started-at="2020-07-03T14:55:03 IST" finished-at="2020-07-03T14:55:04 IST">
          <reporter-output>
          </reporter-output>
        </test-method> <!-- end -->
        <test-method status="PASS" signature="init(java.lang.String)[pri:0, instance:com.tieto.test.LoginTest@184f6be2]" name="init" is-config="true" duration-ms="7033" started-at="2020-07-03T14:55:04 IST" finished-at="2020-07-03T14:55:11 IST">
          <params>
            <param index="0">
              <value>
                <![CDATA[ch]]>
              </value>
            </param>
          </params>
          <reporter-output>
          </reporter-output>
        </test-method> <!-- init -->
        <test-method status="PASS" signature="validCredentialsTest(java.lang.String, java.lang.String, java.lang.String, java.lang.String)[pri:0, instance:com.tieto.test.LoginTest@184f6be2]" name="validCredentialsTest" duration-ms="4717" started-at="2020-07-03T14:55:11 IST" data-provider="readExcel" finished-at="2020-07-03T14:55:15 IST">
          <params>
            <param index="0">
              <value>
                <![CDATA[receptionist]]>
              </value>
            </param>
            <param index="1">
              <value>
                <![CDATA[receptionist]]>
              </value>
            </param>
            <param index="2">
              <value>
                <![CDATA[English (Indian)]]>
              </value>
            </param>
            <param index="3">
              <value>
                <![CDATA[OpenEMR]]>
              </value>
            </param>
          </params>
          <reporter-output>
          </reporter-output>
        </test-method> <!-- validCredentialsTest -->
        <test-method status="PASS" signature="end()[pri:0, instance:com.tieto.test.LoginTest@184f6be2]" name="end" is-config="true" duration-ms="786" started-at="2020-07-03T14:55:15 IST" finished-at="2020-07-03T14:55:16 IST">
          <reporter-output>
          </reporter-output>
        </test-method> <!-- end -->
      </class> <!-- com.tieto.test.LoginTest -->
    </test> <!-- Default test -->
  </suite> <!-- Default suite -->
</testng-results>
